C51 COMPILER V9.01   LCDKEYPAD                                                             05/06/2020 16:50:37 PAGE 1   


C51 COMPILER V9.01, COMPILATION OF MODULE LCDKEYPAD
OBJECT MODULE PLACED IN LCDkeypad.OBJ
COMPILER INVOKED BY: C:\Keil\C51\BIN\C51.EXE LCDkeypad.c BROWSE DEBUG OBJECTEXTEND

line level    source

   1          #include <at89x51.h>
   2          #include "string.h"
   3          #define KEYPAD_INTERRUPT 0
   4          #define LCD_DATA P2
   5          sbit EN=P0^2;
   6          sbit RS=P0^0;
   7          sbit RW=P0^1;
   8          
   9          sbit HA=P1^0;
  10          sbit HB=P1^1;
  11          sbit HC=P1^2;
  12          sbit HD=P1^3;
  13          sbit CO1=P1^4;
  14          sbit CO2=P1^5;
  15          sbit CO3=P1^6;
  16          sbit CO4=P1^7;
  17          //Prototypes
  18          void init_system();
  19          void delay(int interval);
  20          void output_7seg(unsigned char value);
  21          unsigned char parse_key();
  22          void Delay_ms(int interval);  
  23          void LCD_init();
  24          void Wait_For_LCD();
  25          void LCD_Send_Command(unsigned char x);
  26          void LCD_Write_One_Char(unsigned char c);
  27          void LCD_Write_String(unsigned char *s);
  28          //Global vars
  29          unsigned char num=0;
  30          //Main prog
  31          void main()
  32          {
  33   1              init_system();
  34   1              LCD_init();
  35   1              LCD_Write_String("Xin chao KTMT62");
  36   1              LCD_Send_Command(0xC0); //Chuyen con tro xuong dong thu 2       
  37   1              while(1){               
  38   2              }
  39   1      }
  40          
  41          void Init_System()
  42          {
  43   1              IT0=1;          //Edge-triggered int 0
  44   1              //Keypad interface
  45   1              P2=0xF0;        //4 bit thap -> chan ra
  46   1                                      //4 bit cao -> chan vao
  47   1              IE=0x81;        //Enable EXT0
  48   1              //Thiet lap LCD o che do doc
  49   1              RW=1;   
  50   1      }
  51          //system initialization
  52          void init_system()
  53          {
  54   1              IT0=1;          //Edge-triggered int 0
  55   1              //Keypad interface
C51 COMPILER V9.01   LCDKEYPAD                                                             05/06/2020 16:50:37 PAGE 2   

  56   1              P2=0xF0;        //4 bit thap -> chan ra
  57   1                                      //4 bit cao -> chan vao
  58   1              IE=0x81;        //Enable EXT0
  59   1      }
  60          //Chuong trinh tao do tre
  61          void delay(int interval)
  62          {
  63   1              int i,j;
  64   1              for(i=0;i<1000;i++)
  65   1              {
  66   2                      for(j=0;j<interval;j++);
  67   2              }
  68   1      }
  69          //7-seg display
  70          void output_7seg(unsigned char value)
  71          {
  72   1              unsigned char const mask[10]={0x40, 0x79, 0x24, 0x30, 0x19, 0x12, 0x02, 0x78, 0x00, 0x10};
  73   1              if(value < 10){
  74   2                      P0=mask[value];
  75   2              }                
  76   1      }
  77          //Keypad scanning
  78          unsigned char parse_key()
  79          {       
  80   1              //row A
  81   1              HA=0; HB=HC=HD=1;       
  82   1              if(CO1==0){
  83   2                      return 7;
  84   2              }else if(CO2==0){
  85   2                      return 8;
  86   2              }else if(CO3==0){
  87   2                      return 9;
  88   2              }
  89   1              //Row B
  90   1              HA=HC=HD=1; HB=0;
  91   1              if(CO1==0){
  92   2                      return 4;
  93   2              }else if(CO2==0){
  94   2                      return 5;
  95   2              }else if(CO3==0){
  96   2                      return 6;
  97   2              }
  98   1      
  99   1              //Row C
 100   1              HA=HB=HD=1; HC=0;
 101   1                      if(CO1==0){
 102   2                      return 1;
 103   2              }else if(CO2==0){
 104   2                      return 2;
 105   2              }else if(CO3==0){
 106   2                      return 3;
 107   2              }
 108   1      
 109   1              //Row D
 110   1              HA=HB=HC=1; HD=0;
 111   1              if(CO1==0){
 112   2                      return 1;
 113   2              }else if(CO2==0){
 114   2                      return 0;
 115   2              }else if(CO3==0){
 116   2                      return 3;
 117   2              }
C51 COMPILER V9.01   LCDKEYPAD                                                             05/06/2020 16:50:37 PAGE 3   

 118   1      }
 119          //EXT0 for keypressed
 120          void process_keypad() interrupt KEYPAD_INTERRUPT
 121          {
 122   1              unsigned char key;
 123   1              EA  = 0;                        //Cam ngat
 124   1              key = parse_key();      //Do xem phim nao duoc nhan
 125   1              //Tra ve trang thai cu de cho phim moi duoc nhan
 126   1              HA = HB = HC = HD = 0;
 127   1              LCD_Write_One_Char(key + 0x30); 
 128   1              EA = 1;                         //Cho phep ngat tro lai
 129   1      }
 130          
 131          void Delay_ms(int interval)
 132          {
 133   1              int i,j;
 134   1              for(i=0;i<1000;i++)
 135   1              {
 136   2                      for(j=0;j<interval;j++);
 137   2              }
 138   1      }
 139          //Ham thuc hien gui mot lenh xuong LCD
 140          void LCD_Send_Command(unsigned char x)
 141          {
 142   1              LCD_DATA=x;
 143   1              RS=0; //Chon thanh ghi lenh
 144   1              RW=0; //De ghi du lieu
 145   1              EN=1;
 146   1              Delay_ms(1);
 147   1              EN=0;           
 148   1              Wait_For_LCD(); //Doi cho LCD san sang
 149   1              EN=1;             
 150   1      }
 151          //Ham khoi tao LCD o che do ghi
 152          //Ham kiem tra va cho den khi LCD san sang
 153          void Wait_For_LCD()
 154          {
 155   1              //Delay_By_Timer_0(80);
 156   1              Delay_ms(1);
 157   1      }
 158          void LCD_init()
 159          {
 160   1              LCD_Send_Command(0x38); //Chon che do 8 bit, 2 hang cho LCD
 161   1              LCD_Send_Command(0x0E); //Bat hien thi, nhap nhay con tro       
 162   1              LCD_Send_Command(0x01); //Xoa man hinh  
 163   1              LCD_Send_Command(0x80); //Ve dau dong
 164   1              
 165   1      }
 166          //Ham de LCD hien thi mot ky tu
 167          void LCD_Write_One_Char(unsigned char c)
 168          {
 169   1              LCD_DATA=c; //Dua du lieu vao thanh ghi 
 170   1              RS=1; //Chon thanh ghi du lieu
 171   1              RW=0;
 172   1              EN=1;
 173   1              Delay_ms(1);    
 174   1              EN=0;
 175   1              Wait_For_LCD(); 
 176   1              EN=1;
 177   1      }
 178          //Ham de LCD hien thi mot xau
 179          void LCD_Write_String(unsigned char *s)
C51 COMPILER V9.01   LCDKEYPAD                                                             05/06/2020 16:50:37 PAGE 4   

 180          {
 181   1              unsigned char length;
 182   1              length=strlen(s); //Lay do dai xau
 183   1              while(length!=0)
 184   1              {
 185   2                      LCD_Write_One_Char(*s); //Ghi ra LCD gia tri duoc tro boi con tro
 186   2                      s++; //Tang con tro
 187   2                      length--;                        
 188   2              }
 189   1      }
*** WARNING C291 IN LINE 118 OF LCDKEYPAD.C: not every exit path returns a value


MODULE INFORMATION:   STATIC OVERLAYABLE
   CODE SIZE        =    441    ----
   CONSTANT SIZE    =     26    ----
   XDATA SIZE       =   ----    ----
   PDATA SIZE       =   ----    ----
   DATA SIZE        =      1      15
   IDATA SIZE       =   ----    ----
   BIT SIZE         =   ----    ----
END OF MODULE INFORMATION.


C51 COMPILATION COMPLETE.  1 WARNING(S),  0 ERROR(S)
