C51 COMPILER V9.01   MAIN                                                                  04/22/2020 15:47:59 PAGE 1   


C51 COMPILER V9.01, COMPILATION OF MODULE MAIN
OBJECT MODULE PLACED IN main.OBJ
COMPILER INVOKED BY: C:\Keil\C51\BIN\C51.EXE main.c BROWSE DEBUG OBJECTEXTEND

line level    source

   1          #include <at89x51.h>
   2          void delay(int interval){
   3   1      int i,j;
   4   1      for(i=0; i<255; i++){
   5   2      for(j=0; j<interval; j++);
   6   2      }
   7   1      }
   8          void main(){
   9   1      while(1){
  10   2      P1_0=1;
  11   2      delay(70000); //Tre mot khoang thoi gian
  12   2      P1_0=0;
  13   2      delay(100); //Tre mot khoang thoi gian
  14   2      }
  15   1      }


MODULE INFORMATION:   STATIC OVERLAYABLE
   CODE SIZE        =     57    ----
   CONSTANT SIZE    =   ----    ----
   XDATA SIZE       =   ----    ----
   PDATA SIZE       =   ----    ----
   DATA SIZE        =   ----    ----
   IDATA SIZE       =   ----    ----
   BIT SIZE         =   ----    ----
END OF MODULE INFORMATION.


C51 COMPILATION COMPLETE.  0 WARNING(S),  0 ERROR(S)
